<?xml version="1.0" encoding="UTF-8"?>
<!-- Generated by org.testng.reporters.JUnitXMLReporter -->
<testsuite ignored="0" hostname="viniras-Air.modem" failures="0" tests="4" name="Firefox" time="0.037" errors="0" timestamp="2023-02-23T21:04:44 ACDT">
  <testcase classname="package1Test.testing1Practice" name="test1" time="0.003"/>
  <testcase classname="package1Test.testing1Practice" name="test2" time="0.005"/>
  <testcase classname="package1Test.testing2Practice" name="test1" time="0.003"/>
  <testcase classname="package1Test.testing2Practice" name="test2" time="0.001"/>
</testsuite> <!-- Firefox -->
