<?xml version="1.0" encoding="UTF-8"?>
<!-- Generated by org.testng.reporters.JUnitXMLReporter -->
<testsuite ignored="5" hostname="viniras-Air.modem" failures="1" tests="6" name="Tests coming from package1 Test" time="0.129" errors="0" timestamp="2023-02-24T11:14:42 ACDT">
  <testcase classname="package1Test.GroupTestExample" name="testPrintAge" time="0.01"/>
  <testcase classname="package1Test.GroupTestExample" name="testPrintMessage" time="0.001"/>
  <testcase classname="package1Test.GroupTestExample" name="testPrintName" time="0.012">
    <failure type="java.lang.AssertionError" message="expected [true] but found [false]">
      <![CDATA[java.lang.AssertionError: expected [true] but found [false]
at package1Test.GroupTestExample.testPrintName(GroupTestExample.java:22)
at java.base/java.util.ArrayList.forEach(ArrayList.java:1511)
... Removed 31 stack frames]]>
    </failure>
  </testcase> <!-- testPrintName -->
  <testcase classname="package1Test.testing2Practice" name="test1" time="0.001"/>
  <testcase classname="package1Test.IgnoreTest" name="testPrint" time="0.001"/>
  <testcase classname="package1Test.IgnoreTest" name="testPrint2" time="0.002"/>
  <testcase classname="package1Test.testing1Practice" name="test1" time="0.0">
    <ignored/>
  </testcase> <!-- test1 -->
  <testcase classname="package1Test.IgnoreTest" name="testPrint0" time="0.0">
    <ignored/>
  </testcase> <!-- testPrint0 -->
  <testcase classname="package1Test.testing1Practice" name="test2" time="0.0">
    <ignored/>
  </testcase> <!-- test2 -->
  <testcase classname="package1Test.GroupTestExample" name="testPrintAnything" time="0.0">
    <ignored/>
  </testcase> <!-- testPrintAnything -->
  <testcase classname="package1Test.testing2Practice" name="test2" time="0.0">
    <ignored/>
  </testcase> <!-- test2 -->
</testsuite> <!-- Tests coming from package1 Test -->
