<?xml version="1.0" encoding="UTF-8"?>
<!-- Generated by org.testng.reporters.JUnitXMLReporter -->
<testsuite ignored="5" hostname="viniras-Air.modem" failures="0" tests="5" name="Tests coming from package2 Test" time="0.028" errors="0" timestamp="2023-02-23T23:22:15 ACDT">
  <testcase classname="package1Test.GroupTestExample" name="testPrintMessage" time="0.002"/>
  <testcase classname="package1Test.GroupTestExample" name="testPrintName" time="0.001"/>
  <testcase classname="package1Test.testing2Practice" name="test1" time="0.001"/>
  <testcase classname="package1Test.IgnoreTest" name="testPrint" time="0.003"/>
  <testcase classname="package1Test.IgnoreTest" name="testPrint2" time="0.001"/>
  <testcase classname="package1Test.GroupTestExample" name="testPrintAnything" time="0.0">
    <ignored/>
  </testcase> <!-- testPrintAnything -->
  <testcase classname="package1Test.testing1Practice" name="test2" time="0.0">
    <ignored/>
  </testcase> <!-- test2 -->
  <testcase classname="package1Test.testing2Practice" name="test2" time="0.0">
    <ignored/>
  </testcase> <!-- test2 -->
  <testcase classname="package1Test.GroupTestExample" name="testPrintAge" time="0.0">
    <ignored/>
  </testcase> <!-- testPrintAge -->
  <testcase classname="package1Test.testing1Practice" name="test1" time="0.0">
    <ignored/>
  </testcase> <!-- test1 -->
</testsuite> <!-- Tests coming from package2 Test -->
