<?xml version="1.0" encoding="UTF-8"?>
<!-- Generated by org.testng.reporters.JUnitXMLReporter -->
<testsuite ignored="0" hostname="viniras-Air.modem" failures="0" tests="3" name="Test" time="0.076" errors="0" timestamp="2023-03-06T01:07:32 ACDT">
  <testcase classname="package1Test.parameterizedTest1" name="parameterTest" time="0.008"/>
  <testcase classname="package1Test.parameterizedTest1" name="parameterTest1" time="0.001"/>
  <testcase classname="package1Test.parameterizedTest1" name="prameterTestOne" time="0.001"/>
</testsuite> <!-- Test -->
